20250126 17:26:02.728 [restartedMain] INFO  com.cisco.wxcc.router.WxccRouterApp.logStarting - Starting WxccRouterApp using Java 17.0.3.1 with PID 30676 (C:\workspace\wxcc-app-repos\wxcc-rt-routeinfo\build\classes\java\main started by sonng2 in C:\workspace\wxcc-app-repos\wxcc-rt-routeinfo)
20250126 17:26:02.730 [restartedMain] INFO  com.cisco.wxcc.router.WxccRouterApp.logStartupProfileInfo - No active profile set, falling back to 1 default profile: "default"
20250126 17:26:02.758 [restartedMain] INFO  o.s.b.d.e.DevToolsPropertyDefaultsPostProcessor.logTo - Devtools property defaults active! Set 'spring.devtools.add-properties' to 'false' to disable
20250126 17:26:02.767 [restartedMain] INFO  o.s.b.d.e.DevToolsPropertyDefaultsPostProcessor.logTo - For additional web related logging consider setting the 'logging.level.web' property to 'DEBUG'
20250126 17:26:03.308 [restartedMain] INFO  o.s.d.r.c.RepositoryConfigurationDelegate.registerRepositoriesIn - Bootstrapping Spring Data JPA repositories in DEFAULT mode.
20250126 17:26:03.406 [restartedMain] INFO  o.s.d.r.c.RepositoryConfigurationDelegate.registerRepositoriesIn - Finished Spring Data repository scanning in 94 ms. Found 6 JPA repository interfaces.
20250126 17:26:03.808 [restartedMain] INFO  o.s.b.w.e.tomcat.TomcatWebServer.initialize - Tomcat initialized with port 80 (http)
20250126 17:26:03.815 [restartedMain] INFO  o.a.coyote.http11.Http11NioProtocol.log - The ["http-nio-80"] connector has been configured to support HTTP upgrade to [h2c]
20250126 17:26:03.815 [restartedMain] INFO  o.a.coyote.http11.Http11NioProtocol.log - Initializing ProtocolHandler ["http-nio-80"]
20250126 17:26:03.817 [restartedMain] INFO  o.a.catalina.core.StandardService.log - Starting service [Tomcat]
20250126 17:26:03.817 [restartedMain] INFO  o.a.catalina.core.StandardEngine.log - Starting Servlet engine: [Apache Tomcat/10.1.20]
20250126 17:26:03.848 [restartedMain] INFO  o.a.c.c.C.[Tomcat].[localhost].[/].log - Initializing Spring embedded WebApplicationContext
20250126 17:26:03.849 [restartedMain] INFO  o.s.b.w.s.c.ServletWebServerApplicationContext.prepareWebApplicationContext - Root WebApplicationContext: initialization completed in 1081 ms
20250126 17:26:03.866 [restartedMain] INFO  com.zaxxer.hikari.HikariDataSource.getConnection - HikariPool-1 - Starting...
20250126 17:26:03.966 [restartedMain] INFO  com.zaxxer.hikari.pool.HikariPool.checkFailFast - HikariPool-1 - Added connection conn0: url=jdbc:h2:mem:wxcc-router user=SA
20250126 17:26:03.967 [restartedMain] INFO  com.zaxxer.hikari.HikariDataSource.getConnection - HikariPool-1 - Start completed.
20250126 17:26:03.974 [restartedMain] INFO  o.s.b.a.h.H2ConsoleAutoConfiguration.logDataSources - H2 console available at '/h2-console'. Database available at 'jdbc:h2:mem:wxcc-router'
20250126 17:26:04.058 [restartedMain] INFO  o.h.jpa.internal.util.LogHelper.logPersistenceUnitInformation - HHH000204: Processing PersistenceUnitInfo [name: default]
20250126 17:26:04.091 [restartedMain] INFO  org.hibernate.Version.logVersion - HHH000412: Hibernate ORM core version 6.4.4.Final
20250126 17:26:04.112 [restartedMain] INFO  o.h.c.i.RegionFactoryInitiator.initiateService - HHH000026: Second-level cache disabled
20250126 17:26:04.256 [restartedMain] INFO  o.s.o.j.p.SpringPersistenceUnitInfo.addTransformer - No LoadTimeWeaver setup: ignoring JPA class transformer
20250126 17:26:04.282 [restartedMain] WARN  org.hibernate.orm.deprecation.constructDialect - HHH90000025: H2Dialect does not need to be specified explicitly using 'hibernate.dialect' (remove the property setting and it will be selected by default)
20250126 17:26:04.838 [restartedMain] INFO  o.h.e.t.j.p.i.JtaPlatformInitiator.initiateService - HHH000489: No JTA platform available (set 'hibernate.transaction.jta.platform' to enable JTA platform integration)
20250126 17:26:04.881 [restartedMain] INFO  o.s.o.j.LocalContainerEntityManagerFactoryBean.buildNativeEntityManagerFactory - Initialized JPA EntityManagerFactory for persistence unit 'default'
20250126 17:26:05.308 [restartedMain] INFO  o.s.d.j.r.query.QueryEnhancerFactory.<clinit> - Hibernate is in classpath; If applicable, HQL parser will be used.
20250126 17:26:05.591 [restartedMain] WARN  o.s.b.a.o.j.JpaBaseConfiguration$JpaWebConfiguration.openEntityManagerInViewInterceptor - spring.jpa.open-in-view is enabled by default. Therefore, database queries may be performed during view rendering. Explicitly configure spring.jpa.open-in-view to disable this warning
20250126 17:26:05.643 [restartedMain] INFO  o.s.b.a.w.s.WelcomePageHandlerMapping.<init> - Adding welcome page: class path resource [static/index.html]
20250126 17:26:05.738 [restartedMain] INFO  o.s.s.web.DefaultSecurityFilterChain.<init> - Will secure any request with [org.springframework.security.web.session.DisableEncodeUrlFilter@6c3fae59, org.springframework.security.web.context.request.async.WebAsyncManagerIntegrationFilter@45c1cd3a, org.springframework.security.web.context.SecurityContextHolderFilter@3e5dae56, org.springframework.security.web.header.HeaderWriterFilter@640931fd, org.springframework.web.filter.CorsFilter@72c3b1fd, org.springframework.security.web.authentication.logout.LogoutFilter@16c10b31, org.springframework.security.oauth2.client.web.OAuth2AuthorizationRequestRedirectFilter@35b48890, org.springframework.security.oauth2.client.web.OAuth2LoginAuthenticationFilter@47ddc14d, org.springframework.security.web.authentication.ui.DefaultLoginPageGeneratingFilter@5cfd7c13, org.springframework.security.web.authentication.ui.DefaultLogoutPageGeneratingFilter@5ffad976, org.springframework.security.web.savedrequest.RequestCacheAwareFilter@50529cbd, org.springframework.security.web.servletapi.SecurityContextHolderAwareRequestFilter@5d0c2227, org.springframework.security.web.authentication.AnonymousAuthenticationFilter@4ea6e9b6, org.springframework.security.web.access.ExceptionTranslationFilter@6c90a1b8, org.springframework.security.web.access.intercept.AuthorizationFilter@288338fd, com.cisco.wxcc.router.auth.AuthenticationFilter@5c54545]
20250126 17:26:05.861 [restartedMain] INFO  o.s.b.d.a.OptionalLiveReloadServer.startServer - LiveReload server is running on port 35729
20250126 17:26:05.870 [restartedMain] INFO  o.a.coyote.http11.Http11NioProtocol.log - Starting ProtocolHandler ["http-nio-80"]
20250126 17:26:05.877 [restartedMain] INFO  o.s.b.w.e.tomcat.TomcatWebServer.start - Tomcat started on port 80 (http) with context path ''
20250126 17:26:05.886 [restartedMain] INFO  com.cisco.wxcc.router.WxccRouterApp.logStarted - Started WxccRouterApp in 3.491 seconds (process running for 3.792)
20250126 17:26:05.886 [restartedMain] WARN  c.c.w.r.auth.service.AuthInfoService.appStarted - Application started event
